#! /c/Source/iverilog-install/bin/vvp
:ivl_version "12.0 (devel)" "(s20150603-1539-g2693dd32b)";
:ivl_delay_selection "TYPICAL";
:vpi_time_precision - 9;
:vpi_module "C:\iverilog\lib\ivl\system.vpi";
:vpi_module "C:\iverilog\lib\ivl\vhdl_sys.vpi";
:vpi_module "C:\iverilog\lib\ivl\vhdl_textio.vpi";
:vpi_module "C:\iverilog\lib\ivl\v2005_math.vpi";
:vpi_module "C:\iverilog\lib\ivl\va_math.vpi";
S_0000023840eab6e0 .scope module, "main_tb" "main_tb" 2 3;
 .timescale -9 -9;
v0000023840f1a160_0 .var "clk", 0 0;
v0000023840f19d00_0 .var "i_signal", 15 0;
v0000023840f19c60_0 .net "o_signal", 15 0, v0000023840ec3b80_0;  1 drivers
v0000023840f19a80_0 .var "rstn", 0 0;
v0000023840f1a520_0 .var "speed", 15 0;
E_0000023840ea88a0 .event anyedge, v0000023840ec3a40_0;
S_0000023840ec38b0 .scope module, "lerper" "lerper" 2 13, 3 1 0, S_0000023840eab6e0;
 .timescale 0 0;
    .port_info 0 /INPUT 1 "clk";
    .port_info 1 /INPUT 1 "rstn";
    .port_info 2 /INPUT 16 "i_signal";
    .port_info 3 /INPUT 16 "speed";
    .port_info 4 /OUTPUT 16 "o_signal";
P_0000023840ea69f0 .param/l "FASTER" 1 3 14, +C4<00000000000000000000000000000001>;
P_0000023840ea6a28 .param/l "FINISH" 1 3 16, +C4<00000000000000000000000000000100>;
P_0000023840ea6a60 .param/l "IDLE" 1 3 13, +C4<00000000000000000000000000000000>;
P_0000023840ea6a98 .param/l "SIGNAL_WIDTH" 0 3 2, +C4<00000000000000000000000000010000>;
P_0000023840ea6ad0 .param/l "SLOWER" 1 3 15, +C4<00000000000000000000000000000010>;
L_0000023840f1b108 .functor BUFT 1, C4<00000000000000000000000000000000>, C4<0>, C4<0>, C4<0>;
v0000023840ea8430_0 .net/2u *"_ivl_10", 31 0, L_0000023840f1b108;  1 drivers
L_0000023840f1b078 .functor BUFT 1, C4<0000000000000000>, C4<0>, C4<0>, C4<0>;
v0000023840eaa4f0_0 .net *"_ivl_2", 15 0, L_0000023840f1b078;  1 drivers
v0000023840e83290_0 .net *"_ivl_6", 31 0, L_0000023840f1a0c0;  1 drivers
L_0000023840f1b0c0 .functor BUFT 1, C4<0000000000000000>, C4<0>, C4<0>, C4<0>;
v0000023840e836b0_0 .net *"_ivl_9", 15 0, L_0000023840f1b0c0;  1 drivers
v0000023840ec3a40_0 .net "clk", 0 0, v0000023840f1a160_0;  1 drivers
v0000023840ec3ae0_0 .net "i_signal", 15 0, v0000023840f19d00_0;  1 drivers
v0000023840ec3b80_0 .var "o_signal", 15 0;
v0000023840ec3c20_0 .net "rstn", 0 0, v0000023840f19a80_0;  1 drivers
v0000023840eb49a0_0 .net "signal_delta", 15 0, L_0000023840f1a480;  1 drivers
v0000023840eb4a40_0 .net "slow_speed", 15 0, L_0000023840f1a7a0;  1 drivers
v0000023840eb4ae0_0 .net "slow_tick", 0 0, L_0000023840f1a200;  1 drivers
v0000023840eb4b80_0 .var "slower_counter", 15 0;
v0000023840f199e0_0 .net "speed", 15 0, v0000023840f1a520_0;  1 drivers
v0000023840f1a020_0 .var "state", 3 0;
E_0000023840ea90e0 .event posedge, v0000023840ec3a40_0;
L_0000023840f1a480 .arith/sub 16, v0000023840ec3b80_0, v0000023840f19d00_0;
L_0000023840f1a7a0 .arith/sub 16, L_0000023840f1b078, v0000023840f1a520_0;
L_0000023840f1a0c0 .concat [ 16 16 0 0], v0000023840eb4b80_0, L_0000023840f1b0c0;
L_0000023840f1a200 .cmp/eq 32, L_0000023840f1a0c0, L_0000023840f1b108;
    .scope S_0000023840ec38b0;
T_0 ;
    %pushi/vec4 0, 0, 4;
    %store/vec4 v0000023840f1a020_0, 0, 4;
    %pushi/vec4 0, 0, 16;
    %store/vec4 v0000023840eb4b80_0, 0, 16;
    %end;
    .thread T_0;
    .scope S_0000023840ec38b0;
T_1 ;
    %wait E_0000023840ea90e0;
    %load/vec4 v0000023840ec3c20_0;
    %pad/u 32;
    %cmpi/e 0, 0, 32;
    %jmp/0xz  T_1.0, 4;
    %pushi/vec4 0, 0, 4;
    %assign/vec4 v0000023840f1a020_0, 0;
    %jmp T_1.1;
T_1.0 ;
    %load/vec4 v0000023840f1a020_0;
    %dup/vec4;
    %pushi/vec4 0, 0, 4;
    %cmp/u;
    %jmp/1 T_1.2, 6;
    %dup/vec4;
    %pushi/vec4 1, 0, 4;
    %cmp/u;
    %jmp/1 T_1.3, 6;
    %dup/vec4;
    %pushi/vec4 2, 0, 4;
    %cmp/u;
    %jmp/1 T_1.4, 6;
    %dup/vec4;
    %pushi/vec4 4, 0, 4;
    %cmp/u;
    %jmp/1 T_1.5, 6;
    %jmp T_1.6;
T_1.2 ;
    %load/vec4 v0000023840eb49a0_0;
    %pad/u 32;
    %cmpi/ne 0, 0, 32;
    %jmp/0xz  T_1.7, 4;
    %load/vec4 v0000023840f199e0_0;
    %pad/s 32;
    %cmpi/s 0, 0, 32;
    %flag_mov 8, 5;
    %jmp/0 T_1.9, 8;
    %pushi/vec4 2, 0, 32;
    %jmp/1 T_1.10, 8;
T_1.9 ; End of true expr.
    %load/vec4 v0000023840f199e0_0;
    %pad/s 32;
    %cmpi/s 0, 0, 32;
    %flag_or 5, 4; GT is !LE
    %flag_inv 5;
    %flag_mov 9, 5;
    %jmp/0 T_1.11, 9;
    %pushi/vec4 1, 0, 32;
    %jmp/1 T_1.12, 9;
T_1.11 ; End of true expr.
    %pushi/vec4 0, 0, 32;
    %jmp/0 T_1.12, 9;
 ; End of false expr.
    %blend;
T_1.12;
    %jmp/0 T_1.10, 8;
 ; End of false expr.
    %blend;
T_1.10;
    %pad/s 4;
    %assign/vec4 v0000023840f1a020_0, 0;
T_1.7 ;
    %load/vec4 v0000023840f199e0_0;
    %pad/u 32;
    %cmpi/e 0, 0, 32;
    %jmp/0xz  T_1.13, 4;
    %pushi/vec4 4, 0, 4;
    %assign/vec4 v0000023840f1a020_0, 0;
T_1.13 ;
    %jmp T_1.6;
T_1.3 ;
    %load/vec4 v0000023840eb49a0_0;
    %load/vec4 v0000023840f199e0_0;
    %cmp/s;
    %flag_get/vec4 5;
    %jmp/0 T_1.18, 5;
    %load/vec4 v0000023840f199e0_0;
    %inv;
    %pushi/vec4 1, 0, 16;
    %add;
    %load/vec4 v0000023840eb49a0_0;
    %cmp/s;
    %flag_get/vec4 5;
    %and;
T_1.18;
    %flag_set/vec4 8;
    %jmp/1 T_1.17, 8;
    %load/vec4 v0000023840f199e0_0;
    %pad/u 32;
    %cmpi/e 0, 0, 32;
    %flag_or 8, 4;
T_1.17;
    %jmp/0xz  T_1.15, 8;
    %pushi/vec4 4, 0, 4;
    %assign/vec4 v0000023840f1a020_0, 0;
    %jmp T_1.16;
T_1.15 ;
    %load/vec4 v0000023840f199e0_0;
    %pad/s 32;
    %cmpi/s 0, 0, 32;
    %jmp/0xz  T_1.19, 5;
    %pushi/vec4 2, 0, 4;
    %assign/vec4 v0000023840f1a020_0, 0;
T_1.19 ;
T_1.16 ;
    %jmp T_1.6;
T_1.4 ;
    %load/vec4 v0000023840eb49a0_0;
    %pad/s 32;
    %cmpi/e 0, 0, 32;
    %jmp/1 T_1.23, 4;
    %flag_mov 8, 4;
    %load/vec4 v0000023840f199e0_0;
    %pad/u 32;
    %cmpi/e 0, 0, 32;
    %flag_or 4, 8;
T_1.23;
    %jmp/0xz  T_1.21, 4;
    %pushi/vec4 4, 0, 4;
    %assign/vec4 v0000023840f1a020_0, 0;
    %jmp T_1.22;
T_1.21 ;
    %load/vec4 v0000023840f199e0_0;
    %pad/s 32;
    %cmpi/s 0, 0, 32;
    %flag_or 5, 4; GT is !LE
    %flag_inv 5;
    %jmp/0xz  T_1.24, 5;
    %pushi/vec4 1, 0, 4;
    %assign/vec4 v0000023840f1a020_0, 0;
T_1.24 ;
T_1.22 ;
    %jmp T_1.6;
T_1.5 ;
    %pushi/vec4 0, 0, 4;
    %assign/vec4 v0000023840f1a020_0, 0;
    %jmp T_1.6;
T_1.6 ;
    %pop/vec4 1;
T_1.1 ;
    %jmp T_1;
    .thread T_1;
    .scope S_0000023840ec38b0;
T_2 ;
    %wait E_0000023840ea90e0;
    %load/vec4 v0000023840ec3c20_0;
    %pad/u 32;
    %cmpi/e 0, 0, 32;
    %jmp/0xz  T_2.0, 4;
    %load/vec4 v0000023840ec3ae0_0;
    %assign/vec4 v0000023840ec3b80_0, 0;
    %pushi/vec4 0, 0, 16;
    %store/vec4 v0000023840eb4b80_0, 0, 16;
    %jmp T_2.1;
T_2.0 ;
    %load/vec4 v0000023840f1a020_0;
    %dup/vec4;
    %pushi/vec4 0, 0, 4;
    %cmp/u;
    %jmp/1 T_2.2, 6;
    %dup/vec4;
    %pushi/vec4 1, 0, 4;
    %cmp/u;
    %jmp/1 T_2.3, 6;
    %dup/vec4;
    %pushi/vec4 2, 0, 4;
    %cmp/u;
    %jmp/1 T_2.4, 6;
    %dup/vec4;
    %pushi/vec4 4, 0, 4;
    %cmp/u;
    %jmp/1 T_2.5, 6;
    %jmp T_2.6;
T_2.2 ;
    %load/vec4 v0000023840f199e0_0;
    %pad/u 32;
    %cmpi/e 0, 0, 32;
    %jmp/0xz  T_2.7, 4;
    %load/vec4 v0000023840ec3ae0_0;
    %assign/vec4 v0000023840ec3b80_0, 0;
T_2.7 ;
    %pushi/vec4 0, 0, 16;
    %assign/vec4 v0000023840eb4b80_0, 0;
    %jmp T_2.6;
T_2.3 ;
    %load/vec4 v0000023840eb49a0_0;
    %pad/s 32;
    %cmpi/s 0, 0, 32;
    %jmp/0xz  T_2.9, 5;
    %load/vec4 v0000023840ec3b80_0;
    %load/vec4 v0000023840f199e0_0;
    %add;
    %assign/vec4 v0000023840ec3b80_0, 0;
    %jmp T_2.10;
T_2.9 ;
    %load/vec4 v0000023840eb49a0_0;
    %pad/s 32;
    %cmpi/s 0, 0, 32;
    %flag_or 5, 4; GT is !LE
    %flag_inv 5;
    %jmp/0xz  T_2.11, 5;
    %load/vec4 v0000023840ec3b80_0;
    %load/vec4 v0000023840f199e0_0;
    %sub;
    %assign/vec4 v0000023840ec3b80_0, 0;
T_2.11 ;
T_2.10 ;
    %jmp T_2.6;
T_2.4 ;
    %load/vec4 v0000023840eb4ae0_0;
    %flag_set/vec4 8;
    %jmp/0xz  T_2.13, 8;
    %load/vec4 v0000023840eb49a0_0;
    %pad/s 32;
    %cmpi/s 0, 0, 32;
    %jmp/0xz  T_2.15, 5;
    %load/vec4 v0000023840ec3b80_0;
    %addi 1, 0, 16;
    %assign/vec4 v0000023840ec3b80_0, 0;
    %jmp T_2.16;
T_2.15 ;
    %load/vec4 v0000023840eb49a0_0;
    %pad/s 32;
    %cmpi/s 0, 0, 32;
    %flag_or 5, 4; GT is !LE
    %flag_inv 5;
    %jmp/0xz  T_2.17, 5;
    %load/vec4 v0000023840ec3b80_0;
    %subi 1, 0, 16;
    %assign/vec4 v0000023840ec3b80_0, 0;
T_2.17 ;
T_2.16 ;
T_2.13 ;
    %jmp T_2.6;
T_2.5 ;
    %load/vec4 v0000023840ec3ae0_0;
    %assign/vec4 v0000023840ec3b80_0, 0;
    %jmp T_2.6;
T_2.6 ;
    %pop/vec4 1;
T_2.1 ;
    %jmp T_2;
    .thread T_2;
    .scope S_0000023840ec38b0;
T_3 ;
    %wait E_0000023840ea90e0;
    %load/vec4 v0000023840ec3c20_0;
    %pad/u 32;
    %cmpi/e 0, 0, 32;
    %jmp/0xz  T_3.0, 4;
    %pushi/vec4 0, 0, 16;
    %assign/vec4 v0000023840eb4b80_0, 0;
    %jmp T_3.1;
T_3.0 ;
    %load/vec4 v0000023840f199e0_0;
    %pad/s 32;
    %cmpi/s 0, 0, 32;
    %flag_or 5, 4; GT is !LE
    %flag_inv 5;
    %jmp/0xz  T_3.2, 5;
    %pushi/vec4 0, 0, 16;
    %assign/vec4 v0000023840eb4b80_0, 0;
    %jmp T_3.3;
T_3.2 ;
    %load/vec4 v0000023840eb4b80_0;
    %addi 1, 0, 16;
    %assign/vec4 v0000023840eb4b80_0, 0;
    %load/vec4 v0000023840eb4b80_0;
    %pad/u 32;
    %addi 1, 0, 32;
    %load/vec4 v0000023840eb4a40_0;
    %pad/u 32;
    %cmp/e;
    %jmp/0xz  T_3.4, 4;
    %pushi/vec4 0, 0, 16;
    %assign/vec4 v0000023840eb4b80_0, 0;
T_3.4 ;
T_3.3 ;
T_3.1 ;
    %jmp T_3;
    .thread T_3;
    .scope S_0000023840eab6e0;
T_4 ;
    %pushi/vec4 0, 0, 1;
    %store/vec4 v0000023840f1a160_0, 0, 1;
    %pushi/vec4 0, 0, 1;
    %store/vec4 v0000023840f19a80_0, 0, 1;
    %pushi/vec4 0, 0, 16;
    %store/vec4 v0000023840f19d00_0, 0, 16;
    %pushi/vec4 3, 0, 16;
    %store/vec4 v0000023840f1a520_0, 0, 16;
    %end;
    .thread T_4;
    .scope S_0000023840eab6e0;
T_5 ;
    %wait E_0000023840ea88a0;
    %delay 1, 0;
    %load/vec4 v0000023840f1a160_0;
    %inv;
    %assign/vec4 v0000023840f1a160_0, 0;
    %jmp T_5;
    .thread T_5, $push;
    .scope S_0000023840eab6e0;
T_6 ;
    %vpi_call 2 28 "$dumpvars", 32'sb00000000000000000000000000000000, S_0000023840eab6e0 {0 0 0};
    %delay 2, 0;
    %pushi/vec4 1, 0, 1;
    %assign/vec4 v0000023840f1a160_0, 0;
    %pushi/vec4 1, 0, 1;
    %assign/vec4 v0000023840f19a80_0, 0;
    %pushi/vec4 5000, 0, 16;
    %assign/vec4 v0000023840f19d00_0, 0;
    %delay 10000, 0;
    %pushi/vec4 0, 0, 16;
    %assign/vec4 v0000023840f19d00_0, 0;
    %delay 10000, 0;
    %pushi/vec4 65533, 0, 16;
    %assign/vec4 v0000023840f1a520_0, 0;
    %pushi/vec4 5000, 0, 16;
    %assign/vec4 v0000023840f19d00_0, 0;
    %delay 100000, 0;
    %pushi/vec4 0, 0, 16;
    %assign/vec4 v0000023840f19d00_0, 0;
    %delay 100000, 0;
    %vpi_call 2 46 "$finish" {0 0 0};
    %end;
    .thread T_6;
# The file index is used to find the file name in the following table.
:file_names 4;
    "N/A";
    "<interactive>";
    ".\lerper_tb.v";
    ".\lerper.v";
